[0.345s] DEBUG:colcon:Command line arguments: ['/usr/bin/colcon', 'build', '--symlink-install', '--packages-select', 'bt_ros2']
[0.345s] DEBUG:colcon:Parsed command line arguments: Namespace(ament_cmake_args=None, base_paths=['.'], build_base='build', catkin_cmake_args=None, catkin_skip_building_tests=False, cmake_args=None, cmake_clean_cache=False, cmake_clean_first=False, cmake_force_configure=False, cmake_target=None, cmake_target_skip_unavailable=False, continue_on_error=False, event_handlers=None, executor='parallel', ignore_user_meta=False, install_base='install', log_base=None, log_level=None, main=<bound method BuildVerb.main of <colcon_core.verb.build.BuildVerb object at 0x7fb784bf9910>>, merge_install=False, metas=['./colcon.meta'], packages_above=None, packages_above_and_dependencies=None, packages_above_depth=None, packages_end=None, packages_ignore=None, packages_ignore_regex=None, packages_select=['bt_ros2'], packages_select_build_failed=False, packages_select_by_dep=None, packages_select_regex=None, packages_select_test_failures=False, packages_skip=None, packages_skip_build_finished=False, packages_skip_by_dep=None, packages_skip_regex=None, packages_skip_test_passed=False, packages_skip_up_to=None, packages_start=None, packages_up_to=None, packages_up_to_regex=None, parallel_workers=8, paths=None, symlink_install=True, test_result_base=None, verb_extension=<colcon_core.verb.build.BuildVerb object at 0x7fb784bf9910>, verb_name='build', verb_parser=<colcon_defaults.argument_parser.defaults.DefaultArgumentsDecorator object at 0x7fb784bf9e80>)
[0.353s] Level 1:colcon.colcon_core.package_discovery:discover_packages(colcon_meta) check parameters
[0.354s] Level 1:colcon.colcon_core.package_discovery:discover_packages(recursive) check parameters
[0.354s] Level 1:colcon.colcon_core.package_discovery:discover_packages(ignore) check parameters
[0.354s] Level 1:colcon.colcon_core.package_discovery:discover_packages(path) check parameters
[0.354s] Level 1:colcon.colcon_core.package_discovery:discover_packages(colcon_meta) discover
[0.354s] Level 1:colcon.colcon_core.package_discovery:discover_packages(recursive) discover
[0.354s] INFO:colcon.colcon_core.package_discovery:Crawling recursively for packages in '/home/scott/ros2/robot_ws/src/BT_ros2'
[0.354s] Level 1:colcon.colcon_core.package_identification:_identify(.) by extensions ['ignore', 'ignore_ament_install']
[0.354s] Level 1:colcon.colcon_core.package_identification:_identify(.) by extension 'ignore'
[0.354s] Level 1:colcon.colcon_core.package_identification:_identify(.) by extension 'ignore_ament_install'
[0.354s] Level 1:colcon.colcon_core.package_identification:_identify(.) by extensions ['colcon_pkg']
[0.354s] Level 1:colcon.colcon_core.package_identification:_identify(.) by extension 'colcon_pkg'
[0.354s] Level 1:colcon.colcon_core.package_identification:_identify(.) by extensions ['colcon_meta']
[0.354s] Level 1:colcon.colcon_core.package_identification:_identify(.) by extension 'colcon_meta'
[0.354s] Level 1:colcon.colcon_core.package_identification:_identify(.) by extensions ['ros']
[0.354s] Level 1:colcon.colcon_core.package_identification:_identify(.) by extension 'ros'
[0.365s] DEBUG:colcon.colcon_core.package_identification:Package '.' with type 'ros.ament_cmake' and name 'bt_ros2'
[0.366s] Level 1:colcon.colcon_core.package_discovery:discover_packages(recursive) using defaults
[0.366s] Level 1:colcon.colcon_core.package_discovery:discover_packages(ignore) discover
[0.366s] Level 1:colcon.colcon_core.package_discovery:discover_packages(ignore) using defaults
[0.366s] Level 1:colcon.colcon_core.package_discovery:discover_packages(path) discover
[0.366s] Level 1:colcon.colcon_core.package_discovery:discover_packages(path) using defaults
[0.393s] Level 5:colcon.colcon_core.verb:set package 'bt_ros2' build argument 'cmake_args' from command line to 'None'
[0.393s] Level 5:colcon.colcon_core.verb:set package 'bt_ros2' build argument 'cmake_target' from command line to 'None'
[0.393s] Level 5:colcon.colcon_core.verb:set package 'bt_ros2' build argument 'cmake_target_skip_unavailable' from command line to 'False'
[0.393s] Level 5:colcon.colcon_core.verb:set package 'bt_ros2' build argument 'cmake_clean_cache' from command line to 'False'
[0.393s] Level 5:colcon.colcon_core.verb:set package 'bt_ros2' build argument 'cmake_clean_first' from command line to 'False'
[0.393s] Level 5:colcon.colcon_core.verb:set package 'bt_ros2' build argument 'cmake_force_configure' from command line to 'False'
[0.393s] Level 5:colcon.colcon_core.verb:set package 'bt_ros2' build argument 'ament_cmake_args' from command line to 'None'
[0.393s] Level 5:colcon.colcon_core.verb:set package 'bt_ros2' build argument 'catkin_cmake_args' from command line to 'None'
[0.393s] Level 5:colcon.colcon_core.verb:set package 'bt_ros2' build argument 'catkin_skip_building_tests' from command line to 'False'
[0.394s] DEBUG:colcon.colcon_core.verb:Building package 'bt_ros2' with the following arguments: {'ament_cmake_args': None, 'build_base': '/home/scott/ros2/robot_ws/src/BT_ros2/build/bt_ros2', 'catkin_cmake_args': None, 'catkin_skip_building_tests': False, 'cmake_args': None, 'cmake_clean_cache': False, 'cmake_clean_first': False, 'cmake_force_configure': False, 'cmake_target': None, 'cmake_target_skip_unavailable': False, 'install_base': '/home/scott/ros2/robot_ws/src/BT_ros2/install/bt_ros2', 'merge_install': False, 'path': '/home/scott/ros2/robot_ws/src/BT_ros2', 'symlink_install': True, 'test_result_base': None}
[0.394s] INFO:colcon.colcon_core.executor:Executing jobs using 'parallel' executor
[0.396s] DEBUG:colcon.colcon_parallel_executor.executor.parallel:run_until_complete
[0.396s] INFO:colcon.colcon_ros.task.ament_cmake.build:Building ROS package in '/home/scott/ros2/robot_ws/src/BT_ros2' with build type 'ament_cmake'
[0.396s] INFO:colcon.colcon_cmake.task.cmake.build:Building CMake package in '/home/scott/ros2/robot_ws/src/BT_ros2'
[0.402s] INFO:colcon.colcon_core.plugin_system:Skipping extension 'colcon_core.shell.bat': Not used on non-Windows systems
[0.402s] INFO:colcon.colcon_core.shell:Skip shell extension 'powershell' for command environment: Not usable outside of PowerShell
[0.402s] DEBUG:colcon.colcon_core.shell:Skip shell extension 'dsv' for command environment
[0.404s] WARNING:colcon.colcon_ros.prefix_path.ament:The path '/home/scott/ros2/robot_ws/install/behaviortree_cpp_v3_for_debug' in the environment variable AMENT_PREFIX_PATH doesn't exist
[0.410s] WARNING:colcon.colcon_ros.prefix_path.catkin:The path '/home/scott/ros2/robot_ws/install/behaviortree_cpp_v3_for_debug' in the environment variable CMAKE_PREFIX_PATH doesn't exist
[0.431s] DEBUG:colcon.colcon_core.event_handler.log_command:Invoking command in '/home/scott/ros2/robot_ws/src/BT_ros2/build/bt_ros2': CMAKE_PREFIX_PATH=/home/scott/ros2/robot_ws/install/depthai_wrapper:/home/scott/ros2/robot_ws/install/camera_tracker:/home/scott/ros2_main/nav2_ws/install/nav2_gazebo_spawner:/home/scott/ros2_main/ros2_nav_dependencies_ws/install/opencv_tests:/home/scott/ros2_main/ros2_ws/install/rqt_bag_plugins:/home/scott/ros2_main/ros2_ws/install/rqt_bag:/home/scott/ros2_main/ros2_ws/install/ros2bag:/home/scott/ros2_main/ros2_ws/install/tracetools_launch:/home/scott/ros2_main/ros2_ws/install/topic_monitor:/home/scott/ros2_main/ros2_ws/install/tf2_tools:/home/scott/ros2_main/ros2_ws/install/examples_tf2_py:/home/scott/ros2_main/ros2_ws/install/tf2_ros_py:/home/scott/ros2_main/ros2_ws/install/sros2:/home/scott/ros2_main/ros2_ws/install/rqt_topic:/home/scott/ros2_main/ros2_ws/install/rqt_reconfigure:/home/scott/ros2_main/ros2_ws/install/rqt_action:/home/scott/ros2_main/ros2_ws/install/rqt:/home/scott/ros2_main/ros2_ws/install/rqt_graph:/home/scott/ros2_main/ros2_ws/install/rqt_gui_py:/home/scott/ros2_main/ros2_ws/install/rqt_gui:/home/scott/ros2_main/ros2_ws/install/ros2trace:/home/scott/ros2_main/ros2_ws/install/ros2topic:/home/scott/ros2_main/ros2_ws/install/ros2test:/home/scott/ros2_main/ros2_ws/install/ros2component:/home/scott/ros2_main/ros2_ws/install/ros2param:/home/scott/ros2_main/ros2_ws/install/ros2lifecycle:/home/scott/ros2_main/ros2_ws/install/ros2service:/home/scott/ros2_main/ros2_ws/install/ros2run:/home/scott/ros2_main/ros2_ws/install/ros2launch:/home/scott/ros2_main/ros2_ws/install/ros2pkg:/home/scott/ros2_main/ros2_ws/install/ros2node:/home/scott/ros2_main/ros2_ws/install/ros2multicast:/home/scott/ros2_main/ros2_ws/install/ros2interface:/home/scott/ros2_main/ros2_ws/install/ros2doctor:/home/scott/ros2_main/ros2_ws/install/ros2action:/home/scott/ros2_main/ros2_ws/install/ros2cli:/home/scott/ros2_main/ros2_ws/install/quality_of_service_demo_py:/home/scott/ros2_main/ros2_ws/install/launch_testing_ros:/home/scott/ros2_main/ros2_ws/install/launch_ros:/home/scott/ros2_main/ros2_ws/install/examples_rclpy_pointcloud_publisher:/home/scott/ros2_main/ros2_ws/install/examples_rclpy_minimal_subscriber:/home/scott/ros2_main/ros2_ws/install/examples_rclpy_minimal_service:/home/scott/ros2_main/ros2_ws/install/examples_rclpy_minimal_publisher:/home/scott/ros2_main/ros2_ws/install/examples_rclpy_minimal_client:/home/scott/ros2_main/ros2_ws/install/examples_rclpy_minimal_action_server:/home/scott/ros2_main/ros2_ws/install/examples_rclpy_minimal_action_client:/home/scott/ros2_main/ros2_ws/install/examples_rclpy_guard_conditions:/home/scott/ros2_main/ros2_ws/install/examples_rclpy_executors:/home/scott/ros2_main/ros2_ws/install/demo_nodes_py:/home/scott/ros2_main/ros2_ws/install/action_tutorials_py:/home/scott/ros2_main/ros2_ws/install/ament_uncrustify:/home/scott/ros2_main/ros2_ws/install/tracetools_trace:/home/scott/ros2_main/ros2_ws/install/tracetools_read:/home/scott/ros2_main/ros2_ws/install/test_launch_ros:/home/scott/ros2_main/ros2_ws/install/sensor_msgs_py:/home/scott/ros2_main/ros2_ws/install/rpyutils:/home/scott/ros2_main/ros2_ws/install/rosidl_runtime_py:/home/scott/ros2_main/ros2_ws/install/rosidl_cli:/home/scott/ros2_main/ros2_ws/install/launch_yaml:/home/scott/ros2_main/ros2_ws/install/launch_xml:/home/scott/ros2_main/ros2_ws/install/launch_testing:/home/scott/ros2_main/ros2_ws/install/launch:/home/scott/ros2_main/ros2_ws/install/osrf_pycommon:/home/scott/ros2_main/ros2_ws/install/domain_coordinator:/home/scott/ros2_main/ros2_ws/install/ament_xmllint:/home/scott/ros2_main/ros2_ws/install/ament_pyflakes:/home/scott/ros2_main/ros2_ws/install/ament_pycodestyle:/home/scott/ros2_main/ros2_ws/install/ament_pep257:/home/scott/ros2_main/ros2_ws/install/ament_pclint:/home/scott/ros2_main/ros2_ws/install/ament_package:/home/scott/ros2_main/ros2_ws/install/ament_mypy:/home/scott/ros2_main/ros2_ws/install/ament_lint_cmake:/home/scott/ros2_main/ros2_ws/install/ament_flake8:/home/scott/ros2_main/ros2_ws/install/ament_copyright:/home/scott/ros2_main/ros2_ws/install/ament_lint:/home/scott/ros2_main/ros2_ws/install/ament_index_python:/home/scott/ros2_main/ros2_ws/install/ament_cpplint:/home/scott/ros2_main/ros2_ws/install/ament_cppcheck:/home/scott/ros2_main/ros2_ws/install/ament_clang_tidy:/home/scott/ros2_main/ros2_ws/install/ament_clang_format:${CMAKE_PREFIX_PATH} /usr/bin/cmake --build /home/scott/ros2/robot_ws/src/BT_ros2/build/bt_ros2 -- -j8 -l8
[3.290s] DEBUG:colcon.colcon_parallel_executor.executor.parallel:run_until_complete was interrupted
[3.290s] DEBUG:colcon.colcon_parallel_executor.executor.parallel:run_until_complete again
[3.307s] DEBUG:colcon.colcon_core.event_handler.log_command:Invoked command in '/home/scott/ros2/robot_ws/src/BT_ros2/build/bt_ros2' returned '-2': CMAKE_PREFIX_PATH=/home/scott/ros2/robot_ws/install/depthai_wrapper:/home/scott/ros2/robot_ws/install/camera_tracker:/home/scott/ros2_main/nav2_ws/install/nav2_gazebo_spawner:/home/scott/ros2_main/ros2_nav_dependencies_ws/install/opencv_tests:/home/scott/ros2_main/ros2_ws/install/rqt_bag_plugins:/home/scott/ros2_main/ros2_ws/install/rqt_bag:/home/scott/ros2_main/ros2_ws/install/ros2bag:/home/scott/ros2_main/ros2_ws/install/tracetools_launch:/home/scott/ros2_main/ros2_ws/install/topic_monitor:/home/scott/ros2_main/ros2_ws/install/tf2_tools:/home/scott/ros2_main/ros2_ws/install/examples_tf2_py:/home/scott/ros2_main/ros2_ws/install/tf2_ros_py:/home/scott/ros2_main/ros2_ws/install/sros2:/home/scott/ros2_main/ros2_ws/install/rqt_topic:/home/scott/ros2_main/ros2_ws/install/rqt_reconfigure:/home/scott/ros2_main/ros2_ws/install/rqt_action:/home/scott/ros2_main/ros2_ws/install/rqt:/home/scott/ros2_main/ros2_ws/install/rqt_graph:/home/scott/ros2_main/ros2_ws/install/rqt_gui_py:/home/scott/ros2_main/ros2_ws/install/rqt_gui:/home/scott/ros2_main/ros2_ws/install/ros2trace:/home/scott/ros2_main/ros2_ws/install/ros2topic:/home/scott/ros2_main/ros2_ws/install/ros2test:/home/scott/ros2_main/ros2_ws/install/ros2component:/home/scott/ros2_main/ros2_ws/install/ros2param:/home/scott/ros2_main/ros2_ws/install/ros2lifecycle:/home/scott/ros2_main/ros2_ws/install/ros2service:/home/scott/ros2_main/ros2_ws/install/ros2run:/home/scott/ros2_main/ros2_ws/install/ros2launch:/home/scott/ros2_main/ros2_ws/install/ros2pkg:/home/scott/ros2_main/ros2_ws/install/ros2node:/home/scott/ros2_main/ros2_ws/install/ros2multicast:/home/scott/ros2_main/ros2_ws/install/ros2interface:/home/scott/ros2_main/ros2_ws/install/ros2doctor:/home/scott/ros2_main/ros2_ws/install/ros2action:/home/scott/ros2_main/ros2_ws/install/ros2cli:/home/scott/ros2_main/ros2_ws/install/quality_of_service_demo_py:/home/scott/ros2_main/ros2_ws/install/launch_testing_ros:/home/scott/ros2_main/ros2_ws/install/launch_ros:/home/scott/ros2_main/ros2_ws/install/examples_rclpy_pointcloud_publisher:/home/scott/ros2_main/ros2_ws/install/examples_rclpy_minimal_subscriber:/home/scott/ros2_main/ros2_ws/install/examples_rclpy_minimal_service:/home/scott/ros2_main/ros2_ws/install/examples_rclpy_minimal_publisher:/home/scott/ros2_main/ros2_ws/install/examples_rclpy_minimal_client:/home/scott/ros2_main/ros2_ws/install/examples_rclpy_minimal_action_server:/home/scott/ros2_main/ros2_ws/install/examples_rclpy_minimal_action_client:/home/scott/ros2_main/ros2_ws/install/examples_rclpy_guard_conditions:/home/scott/ros2_main/ros2_ws/install/examples_rclpy_executors:/home/scott/ros2_main/ros2_ws/install/demo_nodes_py:/home/scott/ros2_main/ros2_ws/install/action_tutorials_py:/home/scott/ros2_main/ros2_ws/install/ament_uncrustify:/home/scott/ros2_main/ros2_ws/install/tracetools_trace:/home/scott/ros2_main/ros2_ws/install/tracetools_read:/home/scott/ros2_main/ros2_ws/install/test_launch_ros:/home/scott/ros2_main/ros2_ws/install/sensor_msgs_py:/home/scott/ros2_main/ros2_ws/install/rpyutils:/home/scott/ros2_main/ros2_ws/install/rosidl_runtime_py:/home/scott/ros2_main/ros2_ws/install/rosidl_cli:/home/scott/ros2_main/ros2_ws/install/launch_yaml:/home/scott/ros2_main/ros2_ws/install/launch_xml:/home/scott/ros2_main/ros2_ws/install/launch_testing:/home/scott/ros2_main/ros2_ws/install/launch:/home/scott/ros2_main/ros2_ws/install/osrf_pycommon:/home/scott/ros2_main/ros2_ws/install/domain_coordinator:/home/scott/ros2_main/ros2_ws/install/ament_xmllint:/home/scott/ros2_main/ros2_ws/install/ament_pyflakes:/home/scott/ros2_main/ros2_ws/install/ament_pycodestyle:/home/scott/ros2_main/ros2_ws/install/ament_pep257:/home/scott/ros2_main/ros2_ws/install/ament_pclint:/home/scott/ros2_main/ros2_ws/install/ament_package:/home/scott/ros2_main/ros2_ws/install/ament_mypy:/home/scott/ros2_main/ros2_ws/install/ament_lint_cmake:/home/scott/ros2_main/ros2_ws/install/ament_flake8:/home/scott/ros2_main/ros2_ws/install/ament_copyright:/home/scott/ros2_main/ros2_ws/install/ament_lint:/home/scott/ros2_main/ros2_ws/install/ament_index_python:/home/scott/ros2_main/ros2_ws/install/ament_cpplint:/home/scott/ros2_main/ros2_ws/install/ament_cppcheck:/home/scott/ros2_main/ros2_ws/install/ament_clang_tidy:/home/scott/ros2_main/ros2_ws/install/ament_clang_format:${CMAKE_PREFIX_PATH} /usr/bin/cmake --build /home/scott/ros2/robot_ws/src/BT_ros2/build/bt_ros2 -- -j8 -l8
[3.400s] Level 1:colcon.colcon_core.environment:create_environment_scripts_only(bt_ros2)
[3.406s] Level 1:colcon.colcon_core.environment:checking '/home/scott/ros2/robot_ws/src/BT_ros2/install/bt_ros2' for CMake module files
[3.406s] Level 1:colcon.colcon_core.environment:checking '/home/scott/ros2/robot_ws/src/BT_ros2/install/bt_ros2' for CMake config files
[3.407s] Level 1:colcon.colcon_core.shell:create_environment_hook('bt_ros2', 'cmake_prefix_path')
[3.407s] INFO:colcon.colcon_core.shell:Creating environment hook '/home/scott/ros2/robot_ws/src/BT_ros2/install/bt_ros2/share/bt_ros2/hook/cmake_prefix_path.ps1'
[3.407s] INFO:colcon.colcon_core.shell:Creating environment descriptor '/home/scott/ros2/robot_ws/src/BT_ros2/install/bt_ros2/share/bt_ros2/hook/cmake_prefix_path.dsv'
[3.408s] INFO:colcon.colcon_core.shell:Creating environment hook '/home/scott/ros2/robot_ws/src/BT_ros2/install/bt_ros2/share/bt_ros2/hook/cmake_prefix_path.sh'
[3.408s] Level 1:colcon.colcon_core.environment:checking '/home/scott/ros2/robot_ws/src/BT_ros2/install/bt_ros2/lib'
[3.408s] Level 1:colcon.colcon_core.environment:checking '/home/scott/ros2/robot_ws/src/BT_ros2/install/bt_ros2/bin'
[3.408s] Level 1:colcon.colcon_core.environment:checking '/home/scott/ros2/robot_ws/src/BT_ros2/install/bt_ros2/lib/pkgconfig/bt_ros2.pc'
[3.408s] Level 1:colcon.colcon_core.environment:checking '/home/scott/ros2/robot_ws/src/BT_ros2/install/bt_ros2/lib/python3.8/site-packages'
[3.409s] INFO:colcon.colcon_core.shell:Creating package script '/home/scott/ros2/robot_ws/src/BT_ros2/install/bt_ros2/share/bt_ros2/package.ps1'
[3.409s] INFO:colcon.colcon_core.shell:Creating package descriptor '/home/scott/ros2/robot_ws/src/BT_ros2/install/bt_ros2/share/bt_ros2/package.dsv'
[3.410s] INFO:colcon.colcon_core.shell:Creating package script '/home/scott/ros2/robot_ws/src/BT_ros2/install/bt_ros2/share/bt_ros2/package.sh'
[3.410s] INFO:colcon.colcon_core.shell:Creating package script '/home/scott/ros2/robot_ws/src/BT_ros2/install/bt_ros2/share/bt_ros2/package.bash'
[3.411s] INFO:colcon.colcon_core.shell:Creating package script '/home/scott/ros2/robot_ws/src/BT_ros2/install/bt_ros2/share/bt_ros2/package.zsh'
[3.411s] Level 1:colcon.colcon_core.environment:create_file_with_runtime_dependencies(/home/scott/ros2/robot_ws/src/BT_ros2/install/bt_ros2/share/colcon-core/packages/bt_ros2)
[3.421s] DEBUG:colcon.colcon_parallel_executor.executor.parallel:run_until_complete finished
[3.422s] DEBUG:colcon.colcon_parallel_executor.executor.parallel:closing loop
[3.422s] DEBUG:colcon.colcon_parallel_executor.executor.parallel:loop closed
[3.422s] DEBUG:colcon.colcon_core.event_reactor:joining thread
[3.432s] INFO:colcon.colcon_core.plugin_system:Skipping extension 'colcon_notification.desktop_notification.terminal_notifier': Not used on non-Darwin systems
[3.432s] INFO:colcon.colcon_core.plugin_system:Skipping extension 'colcon_notification.desktop_notification.win32': Not used on non-Windows systems
[3.432s] INFO:colcon.colcon_notification.desktop_notification:Sending desktop notification using 'notify2'
[3.442s] DEBUG:colcon.colcon_core.event_reactor:joined thread
[3.443s] INFO:colcon.colcon_core.shell:Creating prefix script '/home/scott/ros2/robot_ws/src/BT_ros2/install/local_setup.ps1'
[3.444s] INFO:colcon.colcon_core.shell:Creating prefix util module '/home/scott/ros2/robot_ws/src/BT_ros2/install/_local_setup_util_ps1.py'
[3.444s] INFO:colcon.colcon_core.shell:Creating prefix chain script '/home/scott/ros2/robot_ws/src/BT_ros2/install/setup.ps1'
[3.453s] INFO:colcon.colcon_core.shell:Creating prefix script '/home/scott/ros2/robot_ws/src/BT_ros2/install/local_setup.sh'
[3.453s] INFO:colcon.colcon_core.shell:Creating prefix util module '/home/scott/ros2/robot_ws/src/BT_ros2/install/_local_setup_util_sh.py'
[3.453s] INFO:colcon.colcon_core.shell:Creating prefix chain script '/home/scott/ros2/robot_ws/src/BT_ros2/install/setup.sh'
[3.462s] INFO:colcon.colcon_core.shell:Creating prefix script '/home/scott/ros2/robot_ws/src/BT_ros2/install/local_setup.bash'
[3.462s] INFO:colcon.colcon_core.shell:Creating prefix chain script '/home/scott/ros2/robot_ws/src/BT_ros2/install/setup.bash'
[3.470s] INFO:colcon.colcon_core.shell:Creating prefix script '/home/scott/ros2/robot_ws/src/BT_ros2/install/local_setup.zsh'
[3.471s] INFO:colcon.colcon_core.shell:Creating prefix chain script '/home/scott/ros2/robot_ws/src/BT_ros2/install/setup.zsh'
