-- The C compiler identification is GNU 9.3.0
-- The CXX compiler identification is GNU 9.3.0
-- Check for working C compiler: /usr/bin/cc
-- Check for working C compiler: /usr/bin/cc -- works
-- Detecting C compiler ABI info
-- Detecting C compiler ABI info - done
-- Detecting C compile features
-- Detecting C compile features - done
-- Check for working CXX compiler: /usr/bin/c++
-- Check for working CXX compiler: /usr/bin/c++ -- works
-- Detecting CXX compiler ABI info
-- Detecting CXX compiler ABI info - done
-- Detecting CXX compile features
-- Detecting CXX compile features - done
-- Found ament_cmake: 1.1.3 (/home/scott/ros2_main/ros2_ws/install/ament_cmake/share/ament_cmake/cmake)
-- Found PythonInterp: /usr/bin/python3 (found suitable version "3.8.5", minimum required is "3") 
-- Using PYTHON_EXECUTABLE: /usr/bin/python3
-- Override CMake install command with custom implementation using symlinks instead of copying resources
-- Found rclcpp: 9.0.0 (/home/scott/ros2_main/ros2_ws/install/rclcpp/share/rclcpp/cmake)
-- Using all available rosidl_typesupport_c: rosidl_typesupport_introspection_c;rosidl_typesupport_fastrtps_c
-- Found rosidl_adapter: 2.2.1 (/home/scott/ros2_main/ros2_ws/install/rosidl_adapter/share/rosidl_adapter/cmake)
-- Found OpenSSL: /usr/lib/x86_64-linux-gnu/libcrypto.so (found version "1.1.1f")  
-- Found FastRTPS: /home/scott/ros2_main/ros2_ws/install/fastrtps/include  
-- Using all available rosidl_typesupport_cpp: rosidl_typesupport_introspection_cpp;rosidl_typesupport_fastrtps_cpp
-- Found rmw_implementation_cmake: 3.3.0 (/home/scott/ros2_main/ros2_ws/install/rmw_implementation_cmake/share/rmw_implementation_cmake/cmake)
-- Found rmw_cyclonedds_cpp: 0.22.0 (/home/scott/ros2_main/ros2_ws/install/rmw_cyclonedds_cpp/share/rmw_cyclonedds_cpp/cmake)
-- Using RMW implementation 'rmw_cyclonedds_cpp' as default
-- Looking for pthread.h
-- Looking for pthread.h - found
-- Performing Test CMAKE_HAVE_LIBC_PTHREAD
-- Performing Test CMAKE_HAVE_LIBC_PTHREAD - Failed
-- Looking for pthread_create in pthreads
-- Looking for pthread_create in pthreads - not found
-- Looking for pthread_create in pthread
-- Looking for pthread_create in pthread - found
-- Found Threads: TRUE  
-- Found rclcpp_action: 9.0.0 (/home/scott/ros2_main/ros2_ws/install/rclcpp_action/share/rclcpp_action/cmake)
-- Found geometry_msgs: 2.2.2 (/home/scott/ros2_main/ros2_ws/install/geometry_msgs/share/geometry_msgs/cmake)
-- Found nav2_behavior_tree: 0.4.3 (/home/scott/ros2_main/nav2_ws/install/nav2_behavior_tree/share/nav2_behavior_tree/cmake)
-- Found eigen3_cmake_module: 0.1.1 (/home/scott/ros2_main/ros2_ws/install/eigen3_cmake_module/share/eigen3_cmake_module/cmake)
-- Found Eigen3: TRUE (found version "3.3.7") 
-- Found speech_action_interfaces: 0.0.0 (/home/scott/ros2/robot_ws/install/speech_action_interfaces/share/speech_action_interfaces/cmake)
-- Found face_control_interfaces: 0.0.0 (/home/scott/ros2/robot_ws/install/face_control_interfaces/share/face_control_interfaces/cmake)
-- Found ament_lint_auto: 0.10.4 (/home/scott/ros2_main/ros2_ws/install/ament_lint_auto/share/ament_lint_auto/cmake)
-- Added test 'copyright' to check source files copyright and LICENSE
-- Added test 'cppcheck' to perform static code analysis on C / C++ code
-- Configured cppcheck include dirs: /home/scott/ros2/robot_ws/src/BT_ros2/./thirdparty/nlohmann-json
-- Configured cppcheck exclude dirs and/or files: 
-- Added test 'cpplint' to check C / C++ code against the Google style
-- Configured cpplint exclude dirs and/or files: 
-- Added test 'flake8' to check Python code syntax and style conventions
-- Added test 'lint_cmake' to check CMake code style
-- Added test 'pep257' to check Python code against some of the style conventions in PEP 257
-- Added test 'uncrustify' to check C / C++ code style
-- Configured uncrustify additional arguments: 
-- Added test 'xmllint' to check XML markup files
-- Configuring done
-- Generating done
-- Build files have been written to: /home/scott/ros2/robot_ws/src/BT_ros2/build/bt_ros2
[35m[1mScanning dependencies of target bt_ros2[0m
[35m[1mScanning dependencies of target send_goal[0m
[ 20%] [32mBuilding CXX object CMakeFiles/send_goal.dir/src/send_goal.cpp.o[0m
[ 60%] [32mBuilding CXX object CMakeFiles/bt_ros2.dir/src/bt_ros2.cpp.o[0m
[ 60%] [32mBuilding CXX object CMakeFiles/bt_ros2.dir/src/robot_says_game.cpp.o[0m
[ 80%] [32m[1mLinking CXX executable send_goal[0m
[ 80%] Built target send_goal
[100%] [32m[1mLinking CXX executable bt_ros2[0m
[100%] Built target bt_ros2
-- Install configuration: ""
-- Execute custom install script
-- Symlinking: /home/scott/ros2/robot_ws/src/BT_ros2/install/bt_ros2/lib/bt_ros2/send_goal
-- Symlinking: /home/scott/ros2/robot_ws/src/BT_ros2/install/bt_ros2/lib/bt_ros2/bt_ros2
-- Symlinking: /home/scott/ros2/robot_ws/src/BT_ros2/install/bt_ros2/share/bt_ros2/bt_xml/bt_game_top.xml
-- Symlinking: /home/scott/ros2/robot_ws/src/BT_ros2/install/bt_ros2/share/bt_ros2/bt_xml/bt_listen.xml
-- Symlinking: /home/scott/ros2/robot_ws/src/BT_ros2/install/bt_ros2/share/bt_ros2/bt_xml/bt_nav_mememan.xml
-- Symlinking: /home/scott/ros2/robot_ws/src/BT_ros2/install/bt_ros2/share/bt_ros2/bt_xml/bt_nav_mememan_interrupt.xml
-- Symlinking: /home/scott/ros2/robot_ws/src/BT_ros2/install/bt_ros2/share/bt_ros2/bt_xml/bt_nav_mememan_snapshot.xml
-- Symlinking: /home/scott/ros2/robot_ws/src/BT_ros2/install/bt_ros2/share/bt_ros2/bt_xml/bt_pose1.xml
-- Symlinking: /home/scott/ros2/robot_ws/src/BT_ros2/install/bt_ros2/share/bt_ros2/bt_xml/bt_snapshot.xml
-- Symlinking: /home/scott/ros2/robot_ws/src/BT_ros2/install/bt_ros2/share/bt_ros2/bt_xml/bt_speak.xml
-- Symlinking: /home/scott/ros2/robot_ws/src/BT_ros2/install/bt_ros2/share/bt_ros2/bt_xml/bt_speak_listen.xml
-- Symlinking: /home/scott/ros2/robot_ws/src/BT_ros2/install/bt_ros2/share/bt_ros2/bt_xml/bt_speak_listen2.xml
-- Symlinking: /home/scott/ros2/robot_ws/src/BT_ros2/install/bt_ros2/share/bt_ros2/bt_xml/bt_speak_listen_ck.xml
-- Symlinking: /home/scott/ros2/robot_ws/src/BT_ros2/install/bt_ros2/share/bt_ros2//launch/bt_ros2.launch.py
-- Symlinking: /home/scott/ros2/robot_ws/src/BT_ros2/install/bt_ros2/share/ament_index/resource_index/package_run_dependencies/bt_ros2
-- Symlinking: /home/scott/ros2/robot_ws/src/BT_ros2/install/bt_ros2/share/ament_index/resource_index/parent_prefix_path/bt_ros2
-- Symlinking: /home/scott/ros2/robot_ws/src/BT_ros2/install/bt_ros2/share/bt_ros2/environment/ament_prefix_path.sh
-- Symlinking: /home/scott/ros2/robot_ws/src/BT_ros2/install/bt_ros2/share/bt_ros2/environment/ament_prefix_path.dsv
-- Symlinking: /home/scott/ros2/robot_ws/src/BT_ros2/install/bt_ros2/share/bt_ros2/environment/path.sh
-- Symlinking: /home/scott/ros2/robot_ws/src/BT_ros2/install/bt_ros2/share/bt_ros2/environment/path.dsv
-- Symlinking: /home/scott/ros2/robot_ws/src/BT_ros2/install/bt_ros2/share/bt_ros2/local_setup.bash
-- Symlinking: /home/scott/ros2/robot_ws/src/BT_ros2/install/bt_ros2/share/bt_ros2/local_setup.sh
-- Symlinking: /home/scott/ros2/robot_ws/src/BT_ros2/install/bt_ros2/share/bt_ros2/local_setup.zsh
-- Symlinking: /home/scott/ros2/robot_ws/src/BT_ros2/install/bt_ros2/share/bt_ros2/local_setup.dsv
-- Symlinking: /home/scott/ros2/robot_ws/src/BT_ros2/install/bt_ros2/share/bt_ros2/package.dsv
-- Symlinking: /home/scott/ros2/robot_ws/src/BT_ros2/install/bt_ros2/share/ament_index/resource_index/packages/bt_ros2
-- Symlinking: /home/scott/ros2/robot_ws/src/BT_ros2/install/bt_ros2/share/bt_ros2/cmake/bt_ros2Config.cmake
-- Symlinking: /home/scott/ros2/robot_ws/src/BT_ros2/install/bt_ros2/share/bt_ros2/cmake/bt_ros2Config-version.cmake
-- Symlinking: /home/scott/ros2/robot_ws/src/BT_ros2/install/bt_ros2/share/bt_ros2/package.xml
